[***] Ejecucion en Sun Oct  9 12:25:15 2016
 Usuario: fernando
 Argumentos: {'verbose': True, 'd': ['https://congreso.seguridad.unam.mx/2016/'], 'ssl': False, 'tor': True, 'p': None, 'u': ['../falso.txt'], 'listar': False}
--------------------------------------------------------------------------------------------------------------------------------------------------------------------------------------------------------
[***] Ejecucion en Sun Oct  9 12:26:20 2016
 Usuario: fernando
 Argumentos: {'verbose': True, 'd': ['cie.cinvestav.mx'], 'ssl': False, 'tor': True, 'p': None, 'u': ['../falso.txt'], 'listar': False}
--------------------------------------------------------------------------------------------------------------------------------------------------------------------------------------------------------
[***] Ejecucion en Sun Oct  9 12:28:07 2016
 Usuario: fernando
 Argumentos: {'verbose': True, 'd': ['https://congreso.seguridad.unam.mx/2016/'], 'ssl': False, 'tor': False, 'p': None, 'u': ['../falso.txt'], 'listar': False}
--------------------------------------------------------------------------------------------------------------------------------------------------------------------------------------------------------
Ejecucion en Sun Oct  9 12:29:05 2016
 Usuario: fernando
 Argumentos: {'verbose': False, 'd': ['cie.cinvestav.mx'], 'ssl': False, 'tor': False, 'p': None, 'u': None, 'listar': False}
--------------------------------------------------------------------------------------------------------------------------------------------------------------------------------------------------------
Ejecucion en Sun Oct  9 15:22:58 2016
 Usuario: fernando
 Argumentos: {'verbose': False, 'd': ['cie.cinvestav.mx'], 'ssl': False, 'tor': False, 'p': None, 'u': None, 'listar': False}
--------------------------------------------------------------------------------------------------------------------------------------------------------------------------------------------------------
Ejecucion en Sun Oct  9 15:23:42 2016
 Usuario: root
 Argumentos: {'verbose': False, 'd': ['cie.cinvestav.mx'], 'ssl': False, 'tor': False, 'p': None, 'u': None, 'listar': False}
--------------------------------------------------------------------------------------------------------------------------------------------------------------------------------------------------------
Ejecucion en Sun Oct  9 22:25:03 2016
 Usuario: fernando
 Argumentos: {'verbose': True, 'd': ['https://congreso.seguridad.unam.mx/2016/'], 'ssl': False, 'tor': True, 'p': None, 'u': ['../falso.txt'], 'listar': False}
--------------------------------------------------------------------------------------------------------------------------------------------------------------------------------------------------------
Ejecucion en Sun Oct  9 22:28:24 2016
 Usuario: fernando
 Argumentos: {'verbose': True, 'd': ['148.204.65.77'], 'ssl': False, 'tor': False, 'p': None, 'u': ['../falso.txt'], 'listar': False}
--------------------------------------------------------------------------------------------------------------------------------------------------------------------------------------------------------
Ejecucion en Sun Oct  9 22:29:28 2016
 Usuario: fernando
 Argumentos: {'verbose': True, 'd': ['148.204.65.77'], 'ssl': False, 'tor': False, 'p': None, 'u': ['../falso.txt'], 'listar': False}
--------------------------------------------------------------------------------------------------------------------------------------------------------------------------------------------------------
Ejecucion en Sun Oct  9 22:29:53 2016
 Usuario: fernando
 Argumentos: {'verbose': True, 'd': ['cie.cinvestav.mx'], 'ssl': False, 'tor': False, 'p': None, 'u': ['../falso.txt'], 'listar': False}
--------------------------------------------------------------------------------------------------------------------------------------------------------------------------------------------------------
Ejecucion en Sun Oct  9 22:30:27 2016
 Usuario: fernando
 Argumentos: {'verbose': True, 'd': ['https://honeynet.unam.mx'], 'ssl': False, 'tor': False, 'p': None, 'u': ['../falso.txt'], 'listar': False}
--------------------------------------------------------------------------------------------------------------------------------------------------------------------------------------------------------
Ejecucion en Sun Oct  9 22:33:22 2016
 Usuario: fernando
 Argumentos: {'verbose': True, 'd': ['https://honeynet.unam.mx'], 'ssl': False, 'tor': False, 'p': None, 'u': ['../falso.txt'], 'listar': False}
--------------------------------------------------------------------------------------------------------------------------------------------------------------------------------------------------------
Ejecucion en Sun Oct  9 22:33:32 2016
 Usuario: fernando
 Argumentos: {'verbose': True, 'd': ['https://congreso.seguridad.unam.mx/2016/'], 'ssl': False, 'tor': False, 'p': None, 'u': ['../falso.txt'], 'listar': False}
--------------------------------------------------------------------------------------------------------------------------------------------------------------------------------------------------------
Ejecucion en Sun Oct  9 22:34:26 2016
 Usuario: fernando
 Argumentos: {'verbose': True, 'd': ['https://congreso.seguridad.unam.mx/2016/'], 'ssl': False, 'tor': False, 'p': None, 'u': None, 'listar': False}
--------------------------------------------------------------------------------------------------------------------------------------------------------------------------------------------------------
Ejecucion en Sun Oct  9 22:35:13 2016
 Usuario: fernando
 Argumentos: {'verbose': True, 'd': ['https://congreso.seguridad.unam.mx/2016/'], 'ssl': False, 'tor': False, 'p': None, 'u': None, 'listar': False}
--------------------------------------------------------------------------------------------------------------------------------------------------------------------------------------------------------
Ejecucion en Sun Oct  9 22:36:02 2016
 Usuario: fernando
 Argumentos: {'verbose': True, 'd': ['http://www.folkteatern.se/'], 'ssl': False, 'tor': False, 'p': None, 'u': None, 'listar': False}
--------------------------------------------------------------------------------------------------------------------------------------------------------------------------------------------------------
Ejecucion en Sun Oct  9 22:38:07 2016
 Usuario: fernando
 Argumentos: {'verbose': True, 'd': ['http://www.folkteatern.se/'], 'ssl': False, 'tor': False, 'p': None, 'u': None, 'listar': False}
--------------------------------------------------------------------------------------------------------------------------------------------------------------------------------------------------------
Ejecucion en Sun Oct  9 22:39:36 2016
 Usuario: fernando
 Argumentos: {'verbose': True, 'd': ['148.204.65.77'], 'ssl': False, 'tor': False, 'p': None, 'u': ['../falso.txt'], 'listar': False}
--------------------------------------------------------------------------------------------------------------------------------------------------------------------------------------------------------
Ejecucion en Sun Oct  9 22:40:20 2016
 Usuario: fernando
 Argumentos: {'verbose': True, 'd': ['148.204.65.77'], 'ssl': False, 'tor': False, 'p': None, 'u': ['../falso.txt'], 'listar': False}
--------------------------------------------------------------------------------------------------------------------------------------------------------------------------------------------------------
Ejecucion en Sun Oct  9 22:41:00 2016
 Usuario: fernando
 Argumentos: {'verbose': True, 'd': ['https://honeynet.unam.mx'], 'ssl': False, 'tor': False, 'p': None, 'u': ['../falso.txt'], 'listar': False}
--------------------------------------------------------------------------------------------------------------------------------------------------------------------------------------------------------
